<?xml version="1.0" encoding="UTF-8"?>
<!-- Generated by org.testng.reporters.JUnitXMLReporter -->
<testsuite hostname="DESKTOP-FK8VD7I" ignored="0" name="Default test" tests="3" failures="1" timestamp="18 Aug 2023 09:47:04 GMT" time="1.085" errors="0">
  <testcase name="BoyParentPermission" time="0.019" classname="interviewQuestionsSelenium.DependsOnTestNG"/>
  <testcase name="GirlParentPermission" time="1.014" classname="interviewQuestionsSelenium.DependsOnTestNG">
    <failure type="org.testng.internal.thread.ThreadTimeoutException" message="Method interviewQuestionsSelenium.DependsOnTestNG.GirlParentPermission() didn&amp;apos;t finish within the time-out 1000">
      <![CDATA[org.testng.internal.thread.ThreadTimeoutException: Method interviewQuestionsSelenium.DependsOnTestNG.GirlParentPermission() didn't finish within the time-out 1000
at java.lang.Thread.interrupt0(Native Method)
at java.lang.Thread.interrupt(Unknown Source)
at org.testng.internal.InvokeMethodRunnable.runOne(InvokeMethodRunnable.java:64)
at org.testng.internal.InvokeMethodRunnable.run(InvokeMethodRunnable.java:44)
at java.util.concurrent.Executors$RunnableAdapter.call(Unknown Source)
at java.util.concurrent.FutureTask.run(Unknown Source)
at java.util.concurrent.ThreadPoolExecutor.runWorker(Unknown Source)
at java.util.concurrent.ThreadPoolExecutor$Worker.run(Unknown Source)
at java.lang.Thread.run(Unknown Source)
]]>
    </failure>
  </testcase> <!-- GirlParentPermission -->
  <testcase name="Marriage" time="0.002" classname="interviewQuestionsSelenium.DependsOnTestNG"/>
</testsuite> <!-- Default test -->
